{"level":30,"time":1770730606019,"env":"production","msg":"Starting Scheduler..."}
{"level":30,"time":1770730991078,"env":"production","msg":"Starting Scheduler..."}
{"level":30,"time":1770897085042,"env":"development","msg":"Starting Scheduler..."}
{"level":30,"time":1770897113300,"env":"development","stationId":"QRR","isRealtime":false,"msg":"Starting recording"}
{"level":30,"time":1770897113572,"env":"development","areaId":"JP12","msg":"Radiko Auth success"}
{"level":30,"time":1770897113587,"env":"development","stationId":"QRR","durationSec":1800,"msg":"Starting timefree chunk download"}
{"level":30,"time":1770897212400,"env":"development","filename":"堀江由衣の天使のたまご_20260207010000.m4a","msg":"Recording completed"}
{"level":30,"time":1770897221240,"env":"development","stationId":"QRR","isRealtime":false,"msg":"Starting recording"}
{"level":30,"time":1770897221519,"env":"development","areaId":"JP12","msg":"Radiko Auth success"}
{"level":30,"time":1770897221537,"env":"development","stationId":"QRR","durationSec":1800,"msg":"Starting timefree chunk download"}
{"level":30,"time":1770897327034,"env":"development","filename":"堀江由衣の天使のたまご_20260207010000.m4a","msg":"Recording completed"}
{"level":30,"time":1770898359027,"env":"development","stationId":"CRT","isRealtime":false,"msg":"Starting recording"}
{"level":30,"time":1770898359261,"env":"development","areaId":"JP12","msg":"Radiko Auth success"}
{"level":30,"time":1770898359284,"env":"development","stationId":"CRT","durationSec":1800,"msg":"Starting timefree chunk download"}
{"level":30,"time":1770898462434,"env":"development","filename":"祥子のチョット・CHAT・CHAT_20260207230000.m4a","msg":"Recording completed"}
{"level":30,"time":1770898668764,"env":"development","stationId":"QRR","isRealtime":false,"msg":"Starting recording"}
{"level":30,"time":1770898669089,"env":"development","areaId":"JP12","msg":"Radiko Auth success"}
{"level":30,"time":1770898669107,"env":"development","stationId":"QRR","durationSec":60,"msg":"Starting timefree chunk download"}
{"level":30,"time":1770898789501,"env":"development","stationId":"QRR","isRealtime":false,"msg":"Starting recording"}
{"level":30,"time":1770898789751,"env":"development","areaId":"JP12","msg":"Radiko Auth success"}
{"level":30,"time":1770898789769,"env":"development","stationId":"QRR","durationSec":60,"msg":"Starting timefree chunk download"}
{"level":30,"time":1770898930209,"env":"development","stationId":"RN1","isRealtime":false,"msg":"Starting recording"}
{"level":30,"time":1770898930501,"env":"development","areaId":"JP12","msg":"Radiko Auth success"}
{"level":30,"time":1770898930523,"env":"development","stationId":"RN1","durationSec":5400,"msg":"Starting timefree chunk download"}
{"level":30,"time":1770899208265,"env":"development","filename":"ザ・マネー_20260212143000.m4a","msg":"Recording completed"}
{"level":30,"time":1770899424028,"env":"development","stationId":"RN1","isRealtime":false,"msg":"Starting recording"}
{"level":30,"time":1770899424317,"env":"development","areaId":"JP12","msg":"Radiko Auth success"}
{"level":30,"time":1770899424342,"env":"development","stationId":"RN1","durationSec":1800,"msg":"Starting timefree chunk download"}
{"level":30,"time":1770899522504,"env":"development","filename":"おはようマーケット_20260212080000.m4a","msg":"Recording completed"}
{"level":30,"time":1770899557400,"env":"development","stationId":"IBS","isRealtime":false,"msg":"Starting recording"}
{"level":30,"time":1770899557413,"env":"development","stationId":"FMAICHI","isRealtime":false,"msg":"Starting recording"}
{"level":30,"time":1770899557691,"env":"development","areaId":"JP12","msg":"Radiko Auth success"}
{"level":30,"time":1770899557710,"env":"development","stationId":"FMAICHI","durationSec":1800,"msg":"Starting timefree chunk download"}
{"level":30,"time":1770899557886,"env":"development","areaId":"JP12","msg":"Radiko Auth success"}
{"level":30,"time":1770899557924,"env":"development","stationId":"IBS","durationSec":3300,"msg":"Starting timefree chunk download"}
{"level":30,"time":1770899668890,"env":"development","filename":"TOKAI_リーダーズ・コンパス_20260211200000.m4a","msg":"Recording completed"}
{"level":30,"time":1770899750893,"env":"development","filename":"ダイバーシティニュース[経済]_20260211210000.m4a","msg":"Recording completed"}
{"level":30,"time":1770900252273,"env":"development","stationId":"QRR","isRealtime":false,"msg":"Starting recording"}
{"level":30,"time":1770900252569,"env":"development","areaId":"JP12","msg":"Radiko Auth success"}
{"level":30,"time":1770900252586,"env":"development","stationId":"QRR","durationSec":1800,"totalChunks":6,"msg":"Starting parallel timefree chunk download"}
{"level":30,"time":1770900775456,"env":"development","stationId":"INT","isRealtime":false,"msg":"Starting recording"}
{"level":30,"time":1770900775954,"env":"development","areaId":"JP12","msg":"Radiko Auth success"}
{"level":30,"time":1770900775995,"env":"development","stationId":"INT","durationSec":1800,"totalChunks":6,"msg":"Starting parallel timefree chunk download"}
{"level":30,"time":1770900815391,"env":"development","filename":"燈の守り人_presents_灯台ラジオ_20260208030000.m4a","msg":"Recording completed"}
{"level":30,"time":1770903134285,"env":"development","stationId":"FMT","isRealtime":false,"msg":"Starting recording"}
{"level":30,"time":1770903135586,"env":"development","areaId":"JP12","msg":"Radiko Auth success"}
{"level":30,"time":1770903135610,"env":"development","stationId":"FMT","durationSec":1500,"totalChunks":5,"msg":"Starting parallel timefree chunk download"}
{"level":30,"time":1770903184197,"env":"development","filename":"鷹の爪団の人工知能ちょっと来い！～AIを使って世界征服じゃ！～_20260212213000.m4a","msg":"Recording completed"}
{"level":30,"time":1770903310580,"env":"development","stationId":"ROK","isRealtime":false,"msg":"Starting recording"}
{"level":30,"time":1770903310835,"env":"development","areaId":"JP12","msg":"Radiko Auth success"}
{"level":30,"time":1770903310871,"env":"development","stationId":"ROK","durationSec":1800,"totalChunks":6,"msg":"Starting parallel timefree chunk download"}
{"level":30,"time":1770903344823,"env":"development","filename":"すぱるそば(大)_20260212220000.m4a","msg":"Recording completed"}
{"level":30,"time":1770904372788,"env":"development","stationId":"JOAK-FM","isRealtime":false,"msg":"Starting recording"}
{"level":30,"time":1770904372801,"env":"development","stationId":"FMT","isRealtime":false,"msg":"Starting recording"}
{"level":30,"time":1770904373279,"env":"development","areaId":"JP12","msg":"Radiko Auth success"}
{"level":30,"time":1770904373305,"env":"development","stationId":"JOAK-FM","durationSec":1800,"totalChunks":6,"msg":"Starting parallel timefree chunk download"}
{"level":30,"time":1770904373315,"env":"development","areaId":"JP12","msg":"Radiko Auth success"}
{"level":30,"time":1770904373331,"env":"development","stationId":"FMT","durationSec":1500,"totalChunks":5,"msg":"Starting parallel timefree chunk download"}
{"level":30,"time":1770904423275,"env":"development","filename":"鷹の爪団の人工知能ちょっと来い！～AIを使って世界征服じゃ！～_20260205213000.m4a","msg":"Recording completed"}
{"level":30,"time":1770904428455,"env":"development","filename":"宗教の時間_ＡＩ時代に学ぶ禅－本来の自己を生きるために_20260209010000.m4a","msg":"Recording completed"}
{"level":30,"time":1770909625413,"env":"development","stationId":"ROK","isRealtime":false,"msg":"Starting recording"}
{"level":30,"time":1770909625425,"env":"development","stationId":"ROK","isRealtime":false,"msg":"Starting recording"}
{"level":30,"time":1770909625637,"env":"development","areaId":"JP12","msg":"Radiko Auth success"}
{"level":30,"time":1770909625660,"env":"development","areaId":"JP12","msg":"Radiko Auth success"}
{"level":30,"time":1770909625688,"env":"development","stationId":"ROK","durationSec":1800,"totalChunks":6,"msg":"Starting parallel timefree chunk download"}
{"level":30,"time":1770909625695,"env":"development","stationId":"ROK","durationSec":1800,"totalChunks":6,"msg":"Starting parallel timefree chunk download"}
{"level":30,"time":1770909655982,"env":"development","filename":"池田卓の新島唄紀行_20260211220000.m4a","msg":"Recording completed"}
{"level":30,"time":1770909656018,"env":"development","filename":"宮沢和史の琉球ソングブック_20260212190000.m4a","msg":"Recording completed"}
{"level":30,"time":1771158106751,"env":"development","msg":"Starting Scheduler..."}
{"level":30,"time":1771200606748,"env":"production","msg":"Starting Scheduler..."}
{"level":30,"time":1771203050312,"env":"production","msg":"Starting Scheduler..."}
{"level":30,"time":1771203180023,"env":"production","title":"沖縄テスト953","stationId":"ROK","msg":"Triggering schedule"}
{"level":30,"time":1771203180025,"env":"production","stationId":"ROK","isRealtime":true,"msg":"Starting recording"}
{"level":30,"time":1771203180304,"env":"production","areaId":"JP12","msg":"Radiko Auth success"}
{"level":30,"time":1771203180326,"env":"production","stationId":"ROK","url":"https://dr-wowza.radiko-cf.com/so/playlist.m3u8","msg":"Selected live stream URL"}
{"level":30,"time":1771203363729,"env":"production","filename":"沖縄テスト953_20260216095300.m4a","msg":"Recording completed"}
{"level":30,"time":1771565322254,"env":"test","msg":"Database migrations completed successfully."}
{"level":30,"time":1771565355439,"env":"test","msg":"Database migrations completed successfully."}
{"level":30,"time":1771565474071,"env":"test","msg":"Database migrations completed successfully."}
{"level":30,"time":1771565844117,"env":"production","msg":"Database migrations completed successfully."}
{"level":30,"time":1771565844153,"env":"production","msg":"Database migrations completed successfully."}
{"level":30,"time":1771565844121,"env":"production","msg":"Database migrations completed successfully."}
{"level":30,"time":1771565844123,"env":"production","msg":"Database migrations completed successfully."}
{"level":30,"time":1771565844168,"env":"production","msg":"Database migrations completed successfully."}
{"level":30,"time":1771565844185,"env":"production","msg":"Database migrations completed successfully."}
{"level":30,"time":1771565844219,"env":"production","msg":"Database migrations completed successfully."}
{"level":30,"time":1771565845863,"env":"test","msg":"Database migrations completed successfully."}
{"level":30,"time":1771565980203,"env":"production","msg":"Database migrations completed successfully."}
{"level":30,"time":1771565980206,"env":"production","msg":"Database migrations completed successfully."}
{"level":30,"time":1771565980242,"env":"production","msg":"Database migrations completed successfully."}
{"level":30,"time":1771565980213,"env":"production","msg":"Database migrations completed successfully."}
{"level":30,"time":1771565980305,"env":"production","msg":"Database migrations completed successfully."}
{"level":30,"time":1771565980313,"env":"production","msg":"Database migrations completed successfully."}
{"level":30,"time":1771565981855,"env":"test","msg":"Database migrations completed successfully."}
